# JRE version: Java(TM) SE Runtime Environment (11.0+28) (build 11+28)
# Java VM: Java HotSpot(TM) 64-Bit Server VM (11+28, mixed mode, tiered, compressed oops, g1 gc, windows-amd64)
Heap:
 garbage-first heap   total 157696K, used 87211K [0x0000000081600000, 0x0000000100000000)
  region size 1024K, 58 young (59392K), 8 survivors (8192K)
 Metaspace       used 100980K, capacity 105378K, committed 105624K, reserved 1138688K
  class space    used 14420K, capacity 16684K, committed 16792K, reserved 1048576K
GC Heap History (10 events):
Event: 13.568 GC heap before
{Heap before GC invocations=9 (full 0):
 garbage-first heap   total 131072K, used 74650K [0x0000000081600000, 0x0000000100000000)
  region size 1024K, 59 young (60416K), 7 survivors (7168K)
 Metaspace       used 58538K, capacity 60082K, committed 60160K, reserved 1101824K
  class space    used 7622K, capacity 8430K, committed 8448K, reserved 1048576K
}
Event: 13.590 GC heap after
{Heap after GC invocations=10 (full 0):
 garbage-first heap   total 131072K, used 23689K [0x0000000081600000, 0x0000000100000000)
  region size 1024K, 7 young (7168K), 7 survivors (7168K)
 Metaspace       used 58538K, capacity 60082K, committed 60160K, reserved 1101824K
  class space    used 7622K, capacity 8430K, committed 8448K, reserved 1048576K
}
Event: 15.390 GC heap before
{Heap before GC invocations=11 (full 0):
 garbage-first heap   total 131072K, used 93321K [0x0000000081600000, 0x0000000100000000)
  region size 1024K, 76 young (77824K), 7 survivors (7168K)
 Metaspace       used 70226K, capacity 72225K, committed 72448K, reserved 1112064K
  class space    used 9214K, capacity 10238K, committed 10240K, reserved 1048576K
}
Event: 15.406 GC heap after
{Heap after GC invocations=12 (full 0):
 garbage-first heap   total 157696K, used 25519K [0x0000000081600000, 0x0000000100000000)
  region size 1024K, 6 young (6144K), 6 survivors (6144K)
 Metaspace       used 70226K, capacity 72225K, committed 72448K, reserved 1112064K
  class space    used 9214K, capacity 10238K, committed 10240K, reserved 1048576K
}
Event: 18.564 GC heap before
{Heap before GC invocations=12 (full 0):
 garbage-first heap   total 157696K, used 111535K [0x0000000081600000, 0x0000000100000000)
  region size 1024K, 90 young (92160K), 6 survivors (6144K)
 Metaspace       used 82394K, capacity 85079K, committed 85376K, reserved 1122304K
  class space    used 11184K, capacity 12587K, committed 12672K, reserved 1048576K
}
Event: 18.580 GC heap after
{Heap after GC invocations=13 (full 0):
 garbage-first heap   total 157696K, used 28884K [0x0000000081600000, 0x0000000100000000)
  region size 1024K, 9 young (9216K), 9 survivors (9216K)
 Metaspace       used 82394K, capacity 85079K, committed 85376K, reserved 1122304K
  class space    used 11184K, capacity 12587K, committed 12672K, reserved 1048576K
}
Event: 21.036 GC heap before
{Heap before GC invocations=13 (full 0):
 garbage-first heap   total 157696K, used 118996K [0x0000000081600000, 0x0000000100000000)
  region size 1024K, 92 young (94208K), 9 survivors (9216K)
 Metaspace       used 93815K, capacity 97205K, committed 97408K, reserved 1132544K
  class space    used 13099K, capacity 14888K, committed 14976K, reserved 1048576K
}
Event: 21.056 GC heap after
{Heap after GC invocations=14 (full 0):
 garbage-first heap   total 157696K, used 31657K [0x0000000081600000, 0x0000000100000000)
  region size 1024K, 8 young (8192K), 8 survivors (8192K)
 Metaspace       used 93815K, capacity 97205K, committed 97408K, reserved 1132544K
  class space    used 13099K, capacity 14888K, committed 14976K, reserved 1048576K
}
Event: 21.519 GC heap before
{Heap before GC invocations=14 (full 0):
 garbage-first heap   total 157696K, used 54185K [0x0000000081600000, 0x0000000100000000)
  region size 1024K, 27 young (27648K), 8 survivors (8192K)
 Metaspace       used 96887K, capacity 100678K, committed 100696K, reserved 1134592K
  class space    used 13616K, capacity 15603K, committed 15616K, reserved 1048576K
}
Event: 21.536 GC heap after
{Heap after GC invocations=15 (full 0):
 garbage-first heap   total 157696K, used 32939K [0x0000000081600000, 0x0000000100000000)
  region size 1024K, 8 young (8192K), 8 survivors (8192K)
 Metaspace       used 96887K, capacity 100678K, committed 100696K, reserved 1134592K
  class space    used 13616K, capacity 15603K, committed 15616K, reserved 1048576K
}

